#
# There is insufficient memory for the Java Runtime Environment to continue.
# Native memory allocation (mmap) failed to map 268435456 bytes for Failed to commit area from 0x0000000701a00000 to 0x0000000711a00000 of length 268435456.
# Possible reasons:
#   The system is out of physical RAM or swap space
#   The process is running with CompressedOops enabled, and the Java Heap may be blocking the growth of the native heap
# Possible solutions:
#   Reduce memory load on the system
#   Increase physical memory or swap space
#   Check if swap backing store is full
#   Decrease Java heap size (-Xmx/-Xms)
#   Decrease number of Java threads
#   Decrease Java thread stack sizes (-Xss)
#   Set larger code cache with -XX:ReservedCodeCacheSize=
# This output file may be truncated or incomplete.
#
#  Out of Memory Error (./src/hotspot/os/windows/os_windows.cpp:3301), pid=15780, tid=44268
#
# JRE version:  (11.0.10) (build )
# Java VM: OpenJDK 64-Bit Server VM (11.0.10+0-b96-7249189, mixed mode, sharing, tiered, compressed oops, g1 gc, windows-amd64)
# No core dump will be written. Minidumps are not enabled by default on client versions of Windows
#

---------------  S U M M A R Y ------------

Command Line: org.jetbrains.git4idea.http.GitAskPassApp Username for 'https://github.com': 

Host: Intel(R) Core(TM) i5-7300HQ CPU @ 2.50GHz, 4 cores, 15G,  Windows 10 , 64 bit Build 19041 (10.0.19041.1566)
Time: Thu Apr 14 15:41:35 2022 Œrodkowoeuropejski czas letni elapsed time: 0.011843 seconds (0d 0h 0m 0s)

---------------  T H R E A D  ---------------

Current thread (0x00000277c89ae000):  JavaThread "Unknown thread" [_thread_in_vm, id=44268, stack(0x0000009052300000,0x0000009052400000)]

Stack: [0x0000009052300000,0x0000009052400000]
Native frames: (J=compiled Java code, j=interpreted, Vv=VM code, C=native code)
V  [jvm.dll+0x5ecfaa]
V  [jvm.dll+0x722bd5]
V  [jvm.dll+0x72412d]
V  [jvm.dll+0x7247e3]
V  [jvm.dll+0x242928]
V  [jvm.dll+0x5ea374]
V  [jvm.dll+0x5df425]
V  [jvm.dll+0x2fdebb]
V  [jvm.dll+0x2fde2a]
V  [jvm.dll+0x2fdd02]
V  [jvm.dll+0x302bf6]
V  [jvm.dll+0x34b2a3]
V  [jvm.dll+0x34b9a6]
V  [jvm.dll+0x34b3a3]
V  [jvm.dll+0x2d8888]
V  [jvm.dll+0x2d9a37]
V  [jvm.dll+0x701737]
V  [jvm.dll+0x702f2c]
V  [jvm.dll+0x3587d9]
V  [jvm.dll+0x6e4fae]
V  [jvm.dll+0x3c0be3]
V  [jvm.dll+0x3c2e91]
C  [jli.dll+0x5373]
C  [ucrtbase.dll+0x21bb2]
C  [KERNEL32.DLL+0x17034]
C  [ntdll.dll+0x52651]


---------------  P R O C E S S  ---------------

Threads class SMR info:
_java_thread_list=0x00000277c8842b40, length=0, elements={
}

Java Threads: ( => current thread )

Other Threads:
  0x00000277c89c6000 GCTaskThread "GC Thread#0" [stack: 0x0000009052400000,0x0000009052500000] [id=4968]
  0x00000277c8a25000 ConcurrentGCThread "G1 Main Marker" [stack: 0x0000009052500000,0x0000009052600000] [id=19996]
  0x00000277c8a27000 ConcurrentGCThread "G1 Conc#0" [stack: 0x0000009052600000,0x0000009052700000] [id=2376]

[error occurred during error reporting (printing all threads), id 0xc0000005, EXCEPTION_ACCESS_VIOLATION (0xc0000005) at pc=0x00007fff4bad9107]

VM state:not at safepoint (not fully initialized)

VM Mutex/Monitor currently owned by a thread:  ([mutex/lock_event])
[0x00000277c891ae40] Heap_lock - owner thread: 0x00000277c89ae000

Heap address: 0x0000000701a00000, size: 4070 MB, Compressed Oops mode: Non-zero based: 0x0000000701a00000
Narrow klass base: 0x0000000000000000, Narrow klass shift: 0

GC Heap History (0 events):
No events

Deoptimization events (0 events):
No events

Classes redefined (0 events):
No events

Internal exceptions (0 events):
No events

Events (1 events):
Event: 0.007 Loaded shared library C:\Program Files\Android\Android Studio\jre\bin\zip.dll


Dynamic libraries:
0x00007ff606b50000 - 0x00007ff606b5a000 	C:\Program Files\Android\Android Studio\jre\bin\java.exe
0x00007fffb10b0000 - 0x00007fffb12a5000 	C:\WINDOWS\SYSTEM32\ntdll.dll
0x00007fffb0c50000 - 0x00007fffb0d0e000 	C:\WINDOWS\System32\KERNEL32.DLL
0x00007fffaeb20000 - 0x00007fffaede8000 	C:\WINDOWS\System32\KERNELBASE.dll
0x00007fffaea20000 - 0x00007fffaeb20000 	C:\WINDOWS\System32\ucrtbase.dll
0x00007fff747b0000 - 0x00007fff747c7000 	C:\Program Files\Android\Android Studio\jre\bin\VCRUNTIME140.dll
0x00007fff75370000 - 0x00007fff75389000 	C:\Program Files\Android\Android Studio\jre\bin\jli.dll
0x00007fffafee0000 - 0x00007fffb0080000 	C:\WINDOWS\System32\USER32.dll
0x00007fffaef90000 - 0x00007fffaefb2000 	C:\WINDOWS\System32\win32u.dll
0x00007fff9c3c0000 - 0x00007fff9c65a000 	C:\WINDOWS\WinSxS\amd64_microsoft.windows.common-controls_6595b64144ccf1df_6.0.19041.1110_none_60b5254171f9507e\COMCTL32.dll
0x00007fffb0540000 - 0x00007fffb056b000 	C:\WINDOWS\System32\GDI32.dll
0x00007fffaf1b0000 - 0x00007fffaf24e000 	C:\WINDOWS\System32\msvcrt.dll
0x00007fffaedf0000 - 0x00007fffaeefb000 	C:\WINDOWS\System32\gdi32full.dll
0x00007fffae820000 - 0x00007fffae8bd000 	C:\WINDOWS\System32\msvcp_win.dll
0x00007fffb0570000 - 0x00007fffb05a0000 	C:\WINDOWS\System32\IMM32.DLL
0x00007fff662f0000 - 0x00007fff6638d000 	C:\Program Files\Android\Android Studio\jre\bin\msvcp140.dll
0x00007fff4b7f0000 - 0x00007fff4c2bf000 	C:\Program Files\Android\Android Studio\jre\bin\server\jvm.dll
0x00007fffb0d70000 - 0x00007fffb0e1e000 	C:\WINDOWS\System32\ADVAPI32.dll
0x00007fffaf110000 - 0x00007fffaf1ac000 	C:\WINDOWS\System32\sechost.dll
0x00007fffb0080000 - 0x00007fffb01a5000 	C:\WINDOWS\System32\RPCRT4.dll
0x00007fffafd00000 - 0x00007fffafd08000 	C:\WINDOWS\System32\PSAPI.DLL
0x00007fff94150000 - 0x00007fff94159000 	C:\WINDOWS\SYSTEM32\WSOCK32.dll
0x00007fff9e5b0000 - 0x00007fff9e5d7000 	C:\WINDOWS\SYSTEM32\WINMM.dll
0x00007fffb04d0000 - 0x00007fffb053b000 	C:\WINDOWS\System32\WS2_32.dll
0x00007fffa70f0000 - 0x00007fffa70fa000 	C:\WINDOWS\SYSTEM32\VERSION.dll
0x00007fffad0c0000 - 0x00007fffad0d2000 	C:\WINDOWS\SYSTEM32\kernel.appcore.dll
0x00007fffa8a60000 - 0x00007fffa8a71000 	C:\Program Files\Android\Android Studio\jre\bin\verify.dll
0x00007fff957a0000 - 0x00007fff95984000 	C:\WINDOWS\SYSTEM32\DBGHELP.DLL
0x00007fff95750000 - 0x00007fff9577c000 	C:\WINDOWS\SYSTEM32\dbgcore.DLL
0x00007fffaef00000 - 0x00007fffaef82000 	C:\WINDOWS\System32\bcryptPrimitives.dll
0x00007fff9ac60000 - 0x00007fff9ac89000 	C:\Program Files\Android\Android Studio\jre\bin\java.dll
0x00007fffaa500000 - 0x00007fffaa50b000 	C:\Program Files\Android\Android Studio\jre\bin\jimage.dll
0x00007fffa84a0000 - 0x00007fffa84b8000 	C:\Program Files\Android\Android Studio\jre\bin\zip.dll

dbghelp: loaded successfully - version: 4.0.5 - missing functions: none
symbol engine: initialized successfully - sym options: 0x614 - pdb path: .;C:\Program Files\Android\Android Studio\jre\bin;C:\WINDOWS\SYSTEM32;C:\WINDOWS\WinSxS\amd64_microsoft.windows.common-controls_6595b64144ccf1df_6.0.19041.1110_none_60b5254171f9507e;C:\Program Files\Android\Android Studio\jre\bin\server

VM Arguments:
java_command: org.jetbrains.git4idea.http.GitAskPassApp Username for 'https://github.com': 
java_class_path (initial): C:/Program Files/Android/Android Studio/plugins/git4idea/lib/git4idea-rt.jar;C:/Program Files/Android/Android Studio/lib/xmlrpc-2.0.1.jar;C:/Program Files/Android/Android Studio/lib/commons-codec-1.14.jar
Launcher Type: SUN_STANDARD

[Global flags]
     intx CICompilerCount                          = 3                                         {product} {ergonomic}
     uint ConcGCThreads                            = 1                                         {product} {ergonomic}
     uint G1ConcRefinementThreads                  = 4                                         {product} {ergonomic}
   size_t G1HeapRegionSize                         = 1048576                                   {product} {ergonomic}
    uintx GCDrainStackTargetSize                   = 64                                        {product} {ergonomic}
   size_t InitialHeapSize                          = 268435456                                 {product} {ergonomic}
   size_t MarkStackSize                            = 4194304                                   {product} {ergonomic}
   size_t MaxHeapSize                              = 4267704320                                {product} {ergonomic}
   size_t MinHeapDeltaBytes                        = 1048576                                   {product} {ergonomic}
    uintx NonNMethodCodeHeapSize                   = 5830732                                {pd product} {ergonomic}
    uintx NonProfiledCodeHeapSize                  = 122913754                              {pd product} {ergonomic}
    uintx ProfiledCodeHeapSize                     = 122913754                              {pd product} {ergonomic}
    uintx ReservedCodeCacheSize                    = 251658240                              {pd product} {ergonomic}
     bool SegmentedCodeCache                       = true                                      {product} {ergonomic}
     bool UseCompressedClassPointers               = true                                 {lp64_product} {ergonomic}
     bool UseCompressedOops                        = true                                 {lp64_product} {ergonomic}
     bool UseG1GC                                  = true                                      {product} {ergonomic}
     bool UseLargePagesIndividualAllocation        = false                                  {pd product} {ergonomic}

Logging:
Log output configuration:
 #0: stdout all=warning uptime,level,tags
 #1: stderr all=off uptime,level,tags

Environment Variables:
PATH=C:\Program Files\Git\mingw64\libexec\git-core;C:\Program Files\Git\mingw64\libexec\git-core;C:\Program Files\Git\mingw64\bin;C:\Program Files\Git\usr\bin;C:\Users\kompu\bin;C:\Python310\Scripts;C:\Python310;C:\Program Files (x86)\Common Files\Oracle\Java\javapath;C:\Program Files (x86)\Intel\iCLS Client;C:\Program Files\Intel\iCLS Client;C:\Windows\system32;C:\Windows;C:\Windows\System32\Wbem;C:\Windows\System32\WindowsPowerShell\v1.0;C:\Program Files (x86)\NVIDIA Corporation\PhysX\Common;C:\Program Files\Intel\WiFi\bin;C:\Program Files\Common Files\Intel\WirelessCommon;C:\Program Files (x86)\Intel\Intel(R) Management Engine Components\DAL;C:\Program Files\Intel\Intel(R) Management Engine Components\DAL;C:\Program Files (x86)\Intel\Intel(R) Management Engine Components\IPT;C:\Program Files\Intel\Intel(R) Management Engine Components\IPT;C:\WINDOWS\system32;C:\WINDOWS;C:\WINDOWS\System32\Wbem;C:\WINDOWS\System32\WindowsPowerShell\v1.0;C:\WINDOWS\System32\OpenSSH;C:\Program Files\dotnet;C:\Program Files (x86)\dotnet;C:\Program Files\Microsoft SQL Server\130\Tools\Binn;C:\Program Files\Microsoft SQL Server\Client SDK\ODBC\170\Tools\Binn;C:\Program Files\Git\cmd;C:\Program Files (x86)\Microsoft SQL Server\150\Tools\Binn;C:\Program Files\Microsoft SQL Server\150\Tools\Binn;C:\Program Files\Microsoft SQL Server\150\DTS\Binn;C:\Program Files (x86)\Microsoft SQL Server\150\DTS\Binn;C:\Program Files\Azure Data Studio\bin;C:\Program Files\NVIDIA Corporation\NVIDIA NvDLISR;C:\xampp\php;C:\ProgramData\ComposerSetup\bin;C:\Program Files\nodejs;C:\ProgramData\chocolatey\bin;C:\Users\kompu\AppData\Local\Microsoft\WindowsApps;C:\Users\kompu\.dotnet\tools;C:\Program Files\Azure Data Studio\bin;C:\Users\kompu\AppData\Roaming\Composer\vendor\bin;C:\Users\kompu\AppData\Local\Programs\Microsoft VS Code\bin;C:\Users\kompu\AppData\Roaming\npm;C:\Program Files\nodejs;C:\intelFPGA_lite\18.1\modelsim_ase\win32aloem
USERNAME=B³a¿ej Kobeszko
DISPLAY=:0.0
LC_ALL=en_US.UTF-8
OS=Windows_NT
PROCESSOR_IDENTIFIER=Intel64 Family 6 Model 158 Stepping 9, GenuineIntel



---------------  S Y S T E M  ---------------

OS: Windows 10 , 64 bit Build 19041 (10.0.19041.1566)
OS uptime: 6 days 0:37 hours

CPU:total 4 (initial active 4) (4 cores per cpu, 1 threads per core) family 6 model 158 stepping 9 microcode 0xb4, cmov, cx8, fxsr, mmx, sse, sse2, sse3, ssse3, sse4.1, sse4.2, popcnt, avx, avx2, aes, clmul, erms, 3dnowpref, lzcnt, tsc, tscinvbit, bmi1, bmi2, adx, fma

Memory: 4k page, system-wide physical 16272M (1188M free)
TotalPageFile size 55819M (AvailPageFile size 62M)
current process WorkingSet (physical memory assigned to process): 10M, peak: 10M
current process commit charge ("private bytes"): 52M, peak: 307M

vm_info: OpenJDK 64-Bit Server VM (11.0.10+0-b96-7249189) for windows-amd64 JRE (11.0.10+0-b96-7249189), built on Mar 31 2021 21:44:00 by "builder" with MS VC++ 14.0 (VS2015)

END.
